[debug] [2025-12-16T05:52:20.417Z] ----------------------------------------------------------------------
[debug] [2025-12-16T05:52:20.425Z] Command:       C:\Program Files\nodejs\node.exe C:\Users\samjo\AppData\Roaming\npm\node_modules\firebase-tools\lib\bin\firebase.js deploy --only hosting
[debug] [2025-12-16T05:52:20.426Z] CLI Version:   14.19.1
[debug] [2025-12-16T05:52:20.426Z] Platform:      win32
[debug] [2025-12-16T05:52:20.427Z] Node Version:  v20.15.0
[debug] [2025-12-16T05:52:20.427Z] Time:          Tue Dec 16 2025 11:22:20 GMT+0530 (India Standard Time)
[debug] [2025-12-16T05:52:20.427Z] ----------------------------------------------------------------------
[debug] 
[debug] [2025-12-16T05:52:20.980Z] > command requires scopes: ["email","openid","https://www.googleapis.com/auth/cloudplatformprojects.readonly","https://www.googleapis.com/auth/firebase","https://www.googleapis.com/auth/cloud-platform"]
[debug] [2025-12-16T05:52:20.981Z] > authorizing via signed-in user (samarth.joshi@techificial.ai)
[debug] [2025-12-16T05:52:20.981Z] [iam] checking project techificail for permissions ["firebase.projects.get","firebasehosting.sites.update"]
[debug] [2025-12-16T05:52:20.984Z] Checked if tokens are valid: false, expires at: 1765507588378
[debug] [2025-12-16T05:52:20.985Z] Checked if tokens are valid: false, expires at: 1765507588378
[debug] [2025-12-16T05:52:20.986Z] > refreshing access token with scopes: []
[debug] [2025-12-16T05:52:20.990Z] >>> [apiv2][query] POST https://www.googleapis.com/oauth2/v3/token [none]
[debug] [2025-12-16T05:52:20.991Z] >>> [apiv2][body] POST https://www.googleapis.com/oauth2/v3/token [omitted]
[debug] [2025-12-16T05:52:21.275Z] <<< [apiv2][status] POST https://www.googleapis.com/oauth2/v3/token 400
[debug] [2025-12-16T05:52:21.275Z] <<< [apiv2][body] POST https://www.googleapis.com/oauth2/v3/token [omitted]
[error] Authentication Error: Your credentials are no longer valid. Please run firebase login --reauth

For CI servers and headless environments, generate a new token with firebase login:ci
[error] Authentication Error: Your credentials are no longer valid. Please run firebase login --reauth

For CI servers and headless environments, generate a new token with firebase login:ci
[debug] [2025-12-16T05:52:21.279Z] [iam] error while checking permissions, command may fail: Authentication Error: Your credentials are no longer valid. Please run firebase login --reauth

For CI servers and headless environments, generate a new token with firebase login:ci
[debug] [2025-12-16T05:52:21.281Z] Checked if tokens are valid: false, expires at: 1765507588378
[debug] [2025-12-16T05:52:21.281Z] Checked if tokens are valid: false, expires at: 1765507588378
[debug] [2025-12-16T05:52:21.281Z] > refreshing access token with scopes: []
[debug] [2025-12-16T05:52:21.283Z] >>> [apiv2][query] POST https://www.googleapis.com/oauth2/v3/token [none]
[debug] [2025-12-16T05:52:21.283Z] >>> [apiv2][body] POST https://www.googleapis.com/oauth2/v3/token [omitted]
[debug] [2025-12-16T05:52:21.562Z] <<< [apiv2][status] POST https://www.googleapis.com/oauth2/v3/token 400
[debug] [2025-12-16T05:52:21.562Z] <<< [apiv2][body] POST https://www.googleapis.com/oauth2/v3/token [omitted]
[error] Authentication Error: Your credentials are no longer valid. Please run firebase login --reauth

For CI servers and headless environments, generate a new token with firebase login:ci
[error] Authentication Error: Your credentials are no longer valid. Please run firebase login --reauth

For CI servers and headless environments, generate a new token with firebase login:ci
[debug] [2025-12-16T05:52:21.565Z] Authentication Error: Your credentials are no longer valid. Please run firebase login --reauth

For CI servers and headless environments, generate a new token with firebase login:ci
[error] 
[error] Error: Assertion failed: resolving hosting target of a site with no site name or target name. This should have caused an error earlier
